SF:lib\lama\login.dart
DA:313,1
DA:314,0
DA:315,1
DA:316,1
DA:317,1
DA:326,1
DA:327,3
DA:330,1
DA:331,1
DA:334,1
DA:340,1
DA:345,1
DA:346,3
DA:348,1
DA:349,1
DA:353,1
DA:354,1
DA:356,1
DA:357,2
DA:360,1
DA:361,2
DA:362,2
DA:368,1
DA:369,1
DA:370,1
DA:372,1
DA:373,2
DA:376,3
DA:384,1
DA:385,1
DA:386,1
DA:388,1
DA:393,1
DA:394,3
DA:397,0
DA:398,0
DA:399,0
DA:402,0
DA:403,0
DA:404,0
DA:405,0
DA:408,0
DA:409,0
DA:415,0
DA:416,0
DA:418,0
DA:421,0
DA:423,0
DA:425,0
DA:427,0
DA:431,0
DA:432,0
DA:437,0
DA:448,1
DA:449,1
DA:450,3
DA:451,1
DA:453,1
DA:462,1
DA:463,1
DA:464,1
DA:469,1
DA:470,1
DA:471,1
DA:477,0
DA:479,0
DA:483,0
DA:485,0
DA:486,0
DA:487,0
DA:491,0
DA:493,0
DA:494,0
DA:495,0
DA:499,0
DA:500,0
DA:506,0
DA:510,1
DA:512,1
DA:514,1
DA:516,1
DA:517,1
DA:518,1
DA:519,1
DA:521,1
DA:522,1
DA:526,1
DA:527,1
DA:529,1
DA:530,1
DA:533,1
DA:534,0
DA:535,0
DA:536,0
DA:542,0
DA:546,0
DA:547,0
DA:549,0
DA:555,0
DA:558,1
DA:570,1
DA:572,1
DA:573,1
DA:575,1
DA:577,1
DA:578,1
DA:589,1
DA:590,0
DA:591,0
DA:593,1
DA:597,1
LF:111
LH:68
end_of_record
SF:lib\lama\signup.dart
DA:6,2
DA:8,1
DA:9,1
DA:23,1
DA:25,2
DA:26,2
DA:27,2
DA:28,1
DA:31,1
DA:32,1
DA:36,1
DA:37,1
DA:38,2
DA:40,1
DA:41,1
DA:42,1
DA:47,1
DA:51,1
DA:53,1
DA:54,0
DA:55,0
DA:63,1
DA:64,1
DA:65,1
DA:66,1
DA:68,0
DA:69,0
DA:72,0
DA:80,1
DA:81,1
DA:82,1
DA:83,1
DA:84,2
DA:85,1
DA:86,1
DA:87,1
DA:89,0
DA:90,0
DA:91,0
DA:96,0
DA:97,0
DA:100,0
DA:108,1
DA:109,1
DA:110,1
DA:111,1
DA:112,3
DA:113,1
DA:115,1
DA:117,1
DA:118,0
DA:119,0
DA:120,0
DA:123,0
DA:132,0
DA:133,0
DA:135,0
DA:136,0
DA:137,0
DA:139,0
DA:140,0
DA:141,0
DA:143,0
DA:145,0
DA:147,0
DA:152,0
DA:153,0
DA:156,0
DA:157,0
DA:163,1
DA:165,1
DA:166,1
DA:167,1
DA:169,1
DA:170,1
DA:171,1
DA:172,1
DA:174,1
DA:175,1
DA:176,1
DA:179,1
DA:185,1
DA:186,1
DA:187,1
DA:191,1
DA:192,1
DA:193,1
DA:194,1
DA:195,1
DA:196,1
DA:197,1
DA:198,1
DA:199,1
DA:200,1
DA:201,1
DA:203,1
DA:204,1
DA:205,1
DA:206,2
DA:209,1
DA:211,1
LF:101
LH:71
end_of_record
SF:lib\Feedback.dart
DA:5,0
DA:7,0
DA:8,0
DA:17,0
DA:19,0
DA:21,0
DA:23,0
DA:30,0
DA:31,0
DA:32,0
DA:34,0
DA:35,0
DA:48,0
DA:49,0
DA:50,0
DA:52,0
DA:53,0
DA:54,0
DA:55,0
DA:58,0
DA:60,0
DA:62,0
DA:63,0
DA:64,0
DA:65,0
DA:68,0
DA:76,0
DA:82,0
DA:84,0
DA:85,0
DA:86,0
DA:87,0
DA:93,0
DA:94,0
DA:95,0
DA:97,0
DA:100,0
DA:102,0
DA:103,0
DA:106,0
DA:110,0
DA:111,0
DA:112,0
DA:113,0
DA:114,0
DA:118,0
DA:119,0
DA:120,0
DA:127,0
DA:128,0
DA:130,0
DA:145,0
DA:146,0
DA:147,0
DA:152,0
DA:157,0
DA:162,0
DA:167,0
DA:174,0
DA:176,0
DA:177,0
DA:178,0
DA:179,0
DA:180,0
DA:181,0
DA:182,0
DA:184,0
DA:188,0
DA:189,0
DA:190,0
DA:193,0
DA:199,0
DA:203,0
DA:204,0
DA:206,0
DA:207,0
DA:208,0
DA:209,0
DA:210,0
DA:212,0
LF:80
LH:0
end_of_record
SF:lib\setting.dart
DA:14,12
DA:16,0
DA:17,0
DA:23,0
DA:25,0
DA:26,0
DA:29,0
DA:30,0
DA:39,0
DA:40,0
DA:41,0
DA:42,0
DA:44,0
DA:47,0
DA:49,0
DA:54,0
DA:56,0
DA:58,0
DA:62,0
DA:63,0
DA:64,0
DA:66,0
DA:67,0
DA:73,0
DA:74,0
DA:75,0
DA:76,0
DA:77,0
DA:79,0
DA:82,0
DA:83,0
DA:84,0
DA:86,0
DA:88,0
DA:89,0
DA:96,0
DA:97,0
DA:98,0
DA:99,0
DA:101,0
DA:102,0
DA:103,0
DA:104,0
DA:106,0
DA:107,0
DA:108,0
DA:109,0
DA:111,0
DA:112,0
DA:113,0
DA:115,0
DA:116,0
DA:118,0
DA:120,0
DA:124,0
DA:132,0
DA:134,0
DA:136,0
DA:138,0
DA:140,0
DA:144,0
DA:146,0
DA:152,0
DA:154,0
DA:155,0
LF:65
LH:1
end_of_record
SF:lib\setting.dart
DA:14,2
DA:16,0
DA:17,0
DA:23,0
DA:25,0
DA:26,0
DA:29,0
DA:30,0
DA:39,0
DA:40,0
DA:41,0
DA:42,0
DA:44,0
DA:47,0
DA:49,0
DA:54,0
DA:56,0
DA:58,0
DA:62,0
DA:63,0
DA:64,0
DA:66,0
DA:67,0
DA:73,0
DA:74,0
DA:75,0
DA:76,0
DA:77,0
DA:79,0
DA:82,0
DA:83,0
DA:84,0
DA:86,0
DA:88,0
DA:89,0
DA:96,0
DA:97,0
DA:98,0
DA:99,0
DA:101,0
DA:102,0
DA:103,0
DA:104,0
DA:106,0
DA:107,0
DA:108,0
DA:109,0
DA:111,0
DA:112,0
DA:113,0
DA:115,0
DA:116,0
DA:118,0
DA:120,0
DA:124,0
DA:132,0
DA:134,0
DA:136,0
DA:138,0
DA:140,0
DA:144,0
DA:146,0
DA:152,0
DA:154,0
DA:155,0
LF:65
LH:1
end_of_record
SF:lib\anonymousChat.dart
DA:9,0
DA:11,0
DA:12,0
DA:20,0
DA:21,0
DA:22,0
DA:23,0
DA:24,0
DA:27,0
DA:29,0
DA:34,0
DA:35,0
DA:38,0
DA:40,0
DA:42,0
DA:45,0
DA:46,0
DA:47,0
DA:49,0
DA:51,0
DA:52,0
DA:54,0
DA:55,0
DA:56,0
DA:57,0
DA:60,0
DA:62,0
DA:68,0
DA:70,0
DA:71,0
DA:73,0
DA:74,0
DA:79,0
DA:80,0
DA:81,0
DA:82,0
DA:83,0
DA:84,0
DA:85,0
DA:87,0
DA:89,0
DA:93,0
DA:95,0
DA:96,0
DA:97,0
DA:98,0
DA:99,0
DA:101,0
DA:104,0
DA:110,0
DA:113,0
DA:124,0
DA:128,0
DA:129,0
DA:130,0
DA:134,0
DA:135,0
DA:136,0
DA:137,0
DA:147,0
DA:150,0
DA:151,0
DA:152,0
DA:153,0
DA:154,0
DA:155,0
DA:160,0
DA:161,0
DA:163,0
DA:166,0
DA:171,0
DA:174,0
DA:176,0
LF:73
LH:0
end_of_record
SF:lib\dana\homep.dart
DA:13,9
DA:15,0
DA:16,0
DA:22,0
DA:27,0
DA:28,0
DA:29,0
DA:31,0
DA:32,0
DA:35,0
DA:38,0
DA:39,0
DA:42,0
DA:45,0
DA:47,0
DA:50,0
DA:58,0
DA:60,0
DA:61,0
DA:62,0
DA:64,0
DA:65,0
DA:67,0
DA:72,0
DA:73,0
DA:75,0
DA:76,0
DA:77,0
DA:91,0
DA:94,0
DA:95,0
DA:96,0
DA:108,0
DA:109,0
DA:110,0
DA:111,0
DA:112,0
DA:113,0
DA:121,0
DA:123,0
DA:125,0
DA:126,0
DA:128,0
DA:129,0
DA:131,0
DA:138,0
DA:140,0
DA:149,0
DA:151,0
DA:152,0
DA:154,0
DA:157,0
DA:159,0
DA:162,0
DA:164,0
DA:167,0
DA:169,0
DA:175,0
DA:176,0
DA:177,0
DA:179,0
DA:180,0
DA:181,0
DA:182,0
DA:183,0
DA:188,0
DA:200,0
DA:201,0
DA:238,0
DA:239,0
DA:246,0
DA:247,0
DA:248,0
DA:256,0
DA:264,0
DA:271,0
DA:278,0
DA:285,0
DA:301,0
DA:303,0
DA:305,0
DA:309,0
DA:311,0
DA:313,0
DA:319,0
DA:321,0
DA:322,0
DA:331,0
DA:337,0
DA:339,0
DA:340,0
DA:342,0
DA:343,0
DA:344,0
DA:351,0
DA:352,0
DA:353,0
DA:357,0
DA:364,0
DA:366,0
DA:368,0
DA:369,0
DA:379,0
DA:385,0
DA:386,0
DA:387,0
DA:389,0
DA:390,0
DA:391,0
DA:395,0
DA:402,0
DA:403,0
LF:112
LH:1
end_of_record
SF:lib\dana\resourcepage.dart
DA:15,7
DA:17,0
DA:18,0
DA:98,0
DA:100,0
DA:101,0
DA:102,0
DA:103,0
DA:106,0
DA:107,0
DA:108,0
DA:112,0
DA:113,0
DA:114,0
DA:115,0
DA:116,0
DA:117,0
DA:118,0
DA:121,0
DA:122,0
DA:123,0
DA:124,0
DA:125,0
DA:126,0
DA:127,0
DA:128,0
DA:129,0
DA:132,0
DA:133,0
DA:134,0
DA:135,0
DA:139,0
DA:141,0
DA:142,0
DA:143,0
DA:145,0
DA:146,0
DA:147,0
DA:148,0
DA:149,0
DA:150,0
DA:155,0
DA:157,0
DA:159,0
DA:160,0
DA:161,0
DA:164,0
DA:165,0
DA:167,0
DA:168,0
DA:174,0
DA:191,0
DA:192,0
DA:194,0
DA:197,0
DA:198,0
DA:201,0
DA:202,0
DA:203,0
DA:204,0
DA:221,0
DA:222,0
DA:224,0
DA:227,0
DA:233,0
DA:235,0
DA:237,0
DA:238,0
DA:240,0
DA:241,0
DA:242,0
DA:243,0
DA:244,0
DA:246,0
DA:247,0
DA:248,0
DA:249,0
DA:250,0
DA:251,0
DA:257,0
DA:258,0
DA:259,0
DA:263,0
DA:265,0
DA:268,0
DA:269,0
DA:270,0
DA:278,0
DA:279,0
DA:282,0
DA:283,0
DA:289,0
DA:293,0
DA:294,0
DA:295,0
DA:298,0
DA:315,0
DA:316,0
DA:318,0
DA:321,0
DA:325,0
DA:328,0
DA:329,0
DA:331,0
DA:332,0
DA:333,0
DA:334,0
DA:335,0
DA:336,0
DA:337,0
DA:338,0
DA:347,0
DA:348,0
DA:349,0
DA:351,0
DA:352,0
DA:353,0
DA:354,0
DA:356,0
DA:367,0
DA:369,0
DA:371,0
DA:372,0
DA:373,0
DA:375,0
DA:378,0
DA:382,0
DA:383,0
DA:397,0
DA:399,0
DA:401,0
DA:403,0
DA:407,0
DA:409,0
DA:415,0
DA:417,0
DA:418,0
DA:428,0
DA:434,0
DA:435,0
DA:437,0
DA:438,0
DA:439,0
DA:446,0
DA:447,0
DA:448,0
DA:450,0
DA:457,0
DA:459,0
DA:461,0
DA:462,0
DA:472,0
DA:478,0
DA:479,0
DA:480,0
DA:487,0
DA:488,0
DA:505,0
DA:507,0
DA:508,0
DA:509,0
DA:510,0
LF:162
LH:1
end_of_record
SF:lib\helpcenter.dart
DA:5,0
DA:7,0
DA:8,0
DA:12,0
DA:14,0
DA:16,0
DA:18,0
DA:20,0
DA:23,0
DA:24,0
DA:25,0
DA:27,0
DA:28,0
DA:34,0
DA:36,0
DA:37,0
DA:38,0
DA:39,0
DA:43,0
DA:47,0
DA:51,0
DA:55,0
DA:60,0
DA:61,0
DA:65,0
DA:70,0
DA:71,0
DA:75,0
DA:79,0
DA:90,0
DA:91,0
DA:93,0
DA:101,0
DA:102,0
DA:105,0
DA:106,0
DA:107,0
DA:108,0
DA:109,0
DA:116,0
DA:117,0
DA:118,0
DA:119,0
DA:120,0
DA:121,0
DA:128,0
DA:132,0
DA:133,0
DA:134,0
LF:49
LH:0
end_of_record
SF:lib\invitefriends.dart
DA:8,0
DA:10,0
DA:11,0
DA:19,0
DA:21,0
DA:22,0
DA:26,0
DA:27,0
DA:29,0
DA:32,0
DA:34,0
DA:35,0
DA:38,0
DA:42,0
DA:44,0
DA:53,0
DA:55,0
DA:56,0
DA:57,0
DA:58,0
DA:59,0
DA:64,0
DA:65,0
DA:67,0
DA:68,0
DA:69,0
DA:70,0
DA:71,0
DA:74,0
DA:75,0
DA:77,0
DA:78,0
DA:87,0
DA:88,0
DA:89,0
DA:90,0
DA:91,0
DA:92,0
DA:96,0
DA:98,0
DA:100,0
DA:101,0
DA:106,0
DA:109,0
DA:112,0
DA:126,0
DA:127,0
DA:128,0
DA:131,0
DA:132,0
DA:135,0
LF:51
LH:0
end_of_record
SF:lib\privacypolicy.dart
DA:5,0
DA:6,0
DA:7,0
DA:11,0
DA:13,0
DA:15,0
DA:17,0
DA:19,0
DA:24,0
DA:25,0
DA:26,0
DA:28,0
DA:29,0
DA:35,0
DA:37,0
DA:39,0
DA:51,0
DA:52,0
DA:54,0
DA:55,0
DA:56,0
DA:57,0
DA:58,0
DA:60,0
DA:61,0
DA:62,0
DA:63,0
DA:64,0
DA:65,0
DA:66,0
DA:68,0
DA:69,0
DA:71,0
DA:73,0
DA:74,0
DA:75,0
DA:77,0
DA:78,0
DA:80,0
DA:82,0
DA:83,0
DA:84,0
DA:87,0
DA:88,0
DA:89,0
DA:90,0
DA:91,0
DA:92,0
DA:93,0
DA:95,0
DA:96,0
DA:99,0
DA:100,0
DA:121,0
DA:122,0
DA:132,0
DA:133,0
DA:135,0
DA:142,0
DA:143,0
DA:145,0
DA:147,0
DA:149,0
DA:150,0
LF:64
LH:0
end_of_record
SF:lib\roaa\community_screen.dart
DA:12,8
DA:14,0
DA:15,0
DA:28,0
DA:30,0
DA:31,0
DA:33,0
DA:36,0
DA:37,0
DA:38,0
DA:45,0
DA:52,0
DA:58,0
DA:65,0
DA:68,0
DA:69,0
DA:70,0
DA:71,0
DA:75,0
DA:76,0
DA:77,0
DA:78,0
DA:80,0
DA:81,0
DA:83,0
DA:85,0
DA:86,0
DA:88,0
DA:89,0
DA:90,0
DA:91,0
DA:92,0
DA:93,0
DA:97,0
DA:98,0
DA:99,0
DA:101,0
DA:102,0
DA:103,0
DA:104,0
DA:105,0
DA:107,0
DA:108,0
DA:112,0
DA:115,0
DA:117,0
DA:119,0
DA:120,0
DA:122,0
DA:125,0
DA:126,0
DA:127,0
DA:128,0
DA:131,0
DA:133,0
DA:134,0
DA:135,0
DA:138,0
DA:142,0
DA:143,0
DA:144,0
DA:146,0
DA:147,0
DA:148,0
DA:149,0
DA:151,0
DA:153,0
DA:154,0
DA:161,0
DA:170,0
DA:171,0
DA:172,0
DA:175,0
DA:176,0
DA:177,0
DA:178,0
DA:179,0
DA:180,0
DA:181,0
DA:183,0
DA:186,0
DA:187,0
DA:188,0
DA:191,0
DA:192,0
DA:193,0
DA:195,0
DA:198,0
DA:209,0
DA:210,0
DA:211,0
DA:212,0
DA:216,0
DA:217,0
DA:218,0
DA:219,0
DA:223,0
DA:225,0
DA:226,0
DA:227,0
DA:230,0
DA:232,0
DA:233,0
DA:234,0
DA:236,0
DA:238,0
DA:239,0
DA:240,0
DA:242,0
DA:243,0
DA:244,0
DA:245,0
DA:246,0
DA:262,0
DA:263,0
DA:265,0
DA:268,0
DA:269,0
DA:272,0
DA:273,0
DA:274,0
DA:275,0
DA:276,0
DA:296,0
DA:298,0
DA:299,0
DA:300,0
DA:301,0
DA:302,0
DA:303,0
DA:305,0
DA:310,0
DA:312,0
DA:313,0
DA:314,0
DA:322,0
DA:323,0
DA:324,0
DA:325,0
DA:327,0
DA:332,0
DA:334,0
DA:335,0
DA:336,0
DA:349,0
DA:351,0
DA:353,0
DA:354,0
DA:356,0
DA:358,0
DA:361,0
DA:362,0
DA:382,0
DA:383,0
DA:384,0
DA:385,0
DA:386,0
DA:388,0
DA:389,0
DA:391,0
DA:395,0
DA:397,0
DA:398,0
DA:399,0
DA:400,0
DA:401,0
DA:402,0
DA:403,0
DA:410,0
DA:412,0
DA:414,0
DA:416,0
DA:418,0
DA:420,0
DA:426,0
DA:428,0
DA:429,0
DA:439,0
DA:445,0
DA:447,0
DA:448,0
DA:450,0
DA:452,0
DA:454,0
DA:455,0
DA:464,0
DA:469,0
DA:471,0
DA:472,0
DA:479,0
DA:481,0
DA:482,0
LF:192
LH:1
end_of_record
SF:lib\roaa\therapist_screen.dart
DA:13,8
DA:15,0
DA:16,0
DA:22,0
DA:23,0
DA:24,0
DA:28,0
DA:30,0
DA:31,0
DA:32,0
DA:33,0
DA:35,0
DA:36,0
DA:37,0
DA:51,0
DA:65,0
DA:66,0
DA:67,0
DA:68,0
DA:70,0
DA:74,0
DA:75,0
DA:85,0
DA:135,0
DA:136,0
DA:137,0
DA:138,0
DA:139,0
DA:140,0
DA:143,0
DA:148,0
DA:150,0
DA:153,0
DA:154,0
DA:155,0
DA:157,0
DA:158,0
DA:159,0
DA:160,0
DA:162,0
DA:163,0
DA:166,0
DA:175,0
DA:177,0
DA:179,0
DA:181,0
DA:183,0
DA:187,0
DA:193,0
DA:195,0
DA:196,0
DA:205,0
DA:208,0
DA:209,0
DA:213,0
DA:216,0
DA:219,0
DA:222,0
DA:225,0
DA:228,0
DA:231,0
DA:238,0
DA:248,0
DA:256,0
DA:258,0
DA:260,0
DA:263,0
DA:265,0
DA:267,0
DA:268,0
DA:270,0
DA:274,0
DA:275,0
DA:277,0
DA:278,0
DA:279,0
DA:285,0
DA:286,0
DA:293,0
DA:294,0
DA:302,0
DA:304,0
DA:305,0
DA:306,0
DA:307,0
DA:309,0
DA:310,0
DA:311,0
DA:315,0
DA:319,0
DA:320,0
DA:326,0
DA:338,0
DA:339,0
DA:340,0
DA:342,0
DA:343,0
DA:344,0
DA:345,0
DA:346,0
DA:352,0
DA:356,0
DA:357,0
DA:363,0
DA:388,0
DA:390,0
DA:392,0
DA:393,0
DA:394,0
DA:396,0
DA:401,0
DA:402,0
DA:403,0
LF:113
LH:1
end_of_record
SF:lib\dana\widgets\custom_nav_bar.dart
DA:7,0
DA:13,0
DA:15,0
DA:17,0
DA:19,0
DA:20,0
DA:27,0
DA:28,0
DA:29,0
DA:30,0
DA:31,0
DA:32,0
DA:33,0
DA:39,0
DA:40,0
DA:42,0
DA:43,0
DA:44,0
DA:45,0
DA:47,0
DA:49,0
DA:51,0
DA:54,0
DA:55,0
DA:56,0
DA:64,0
DA:65,0
DA:69,0
DA:71,0
DA:72,0
DA:74,0
DA:77,0
LF:32
LH:0
end_of_record
SF:lib\dana\progress_page.dart
DA:9,0
DA:11,0
DA:12,0
DA:23,0
DA:25,0
DA:26,0
DA:29,0
DA:30,0
DA:31,0
DA:32,0
DA:33,0
DA:34,0
DA:35,0
DA:37,0
DA:38,0
DA:42,0
DA:43,0
DA:44,0
DA:48,0
DA:53,0
DA:55,0
DA:56,0
DA:57,0
DA:59,0
DA:61,0
DA:63,0
DA:65,0
DA:69,0
DA:71,0
DA:73,0
DA:76,0
DA:77,0
DA:78,0
DA:81,0
DA:83,0
DA:86,0
DA:87,0
DA:88,0
DA:90,0
DA:93,0
DA:94,0
DA:95,0
DA:97,0
DA:99,0
DA:101,0
DA:102,0
DA:104,0
DA:105,0
DA:111,0
DA:112,0
DA:115,0
DA:117,0
DA:120,0
DA:131,0
DA:136,0
DA:137,0
DA:140,0
DA:142,0
DA:143,0
DA:144,0
DA:151,0
DA:153,0
DA:154,0
DA:156,0
DA:157,0
DA:158,0
DA:165,0
DA:167,0
DA:168,0
DA:169,0
DA:170,0
DA:173,0
DA:175,0
DA:176,0
DA:177,0
DA:178,0
DA:179,0
DA:181,0
DA:183,0
DA:184,0
DA:189,0
DA:210,0
DA:211,0
DA:212,0
DA:213,0
DA:214,0
DA:219,0
DA:220,0
DA:221,0
DA:223,0
DA:224,0
DA:231,0
DA:232,0
DA:243,0
DA:244,0
DA:245,0
DA:250,0
DA:251,0
DA:252,0
DA:254,0
DA:255,0
DA:262,0
DA:263,0
DA:278,0
DA:279,0
DA:280,0
DA:281,0
DA:284,0
DA:285,0
DA:295,0
DA:296,0
DA:298,0
DA:301,0
DA:302,0
DA:303,0
DA:306,0
DA:319,0
DA:321,0
DA:322,0
DA:323,0
DA:324,0
DA:325,0
DA:326,0
DA:327,0
DA:329,0
DA:330,0
DA:331,0
DA:336,0
DA:337,0
DA:338,0
DA:339,0
DA:342,0
DA:348,0
DA:365,0
DA:366,0
DA:368,0
DA:370,0
DA:371,0
DA:372,0
DA:375,0
DA:379,0
DA:381,0
DA:382,0
DA:383,0
DA:386,0
DA:387,0
DA:404,0
DA:406,0
DA:407,0
DA:408,0
DA:410,0
DA:412,0
DA:413,0
DA:417,0
DA:423,0
DA:433,0
LF:156
LH:0
end_of_record
SF:lib\dana\widgets\sos_button.dart
DA:8,9
DA:10,0
DA:11,0
DA:14,0
DA:15,0
DA:29,0
DA:30,0
DA:31,0
DA:32,0
DA:33,0
DA:34,0
DA:35,0
DA:44,0
DA:45,0
DA:46,0
DA:47,0
DA:48,0
DA:51,0
DA:52,0
DA:56,0
DA:71,0
DA:73,0
DA:74,0
DA:75,0
DA:76,0
DA:77,0
DA:78,0
DA:79,0
DA:81,0
DA:82,0
LF:30
LH:1
end_of_record
SF:lib\dana\widgets\mood_selector.dart
DA:12,0
DA:13,0
DA:16,0
DA:17,0
LF:4
LH:0
end_of_record
SF:lib\roaa\taketest_screen.dart
DA:13,0
DA:15,0
DA:16,0
DA:22,0
DA:24,0
DA:26,0
DA:27,0
DA:28,0
DA:29,0
DA:31,0
DA:32,0
DA:33,0
DA:36,0
DA:37,0
DA:39,0
DA:40,0
DA:46,0
DA:61,0
DA:62,0
DA:65,0
DA:66,0
DA:67,0
DA:76,0
DA:77,0
DA:79,0
DA:81,0
DA:85,0
DA:91,0
DA:93,0
DA:95,0
DA:97,0
DA:101,0
DA:103,0
DA:109,0
DA:111,0
DA:112,0
DA:121,1
DA:123,0
DA:125,0
DA:126,0
DA:127,0
DA:128,0
DA:129,0
DA:131,0
DA:133,0
DA:134,0
DA:135,0
DA:137,0
DA:140,0
DA:143,0
DA:145,0
DA:151,0
DA:152,0
DA:156,0
DA:158,0
DA:160,0
DA:168,0
DA:169,0
DA:170,0
DA:171,0
DA:173,0
DA:176,0
DA:177,0
DA:180,0
DA:181,0
DA:183,0
DA:184,0
DA:186,0
DA:188,0
DA:195,0
LF:70
LH:1
end_of_record
SF:lib\dana\thelibrary.dart
DA:15,0
DA:17,0
DA:18,0
DA:22,0
DA:23,0
DA:24,0
DA:26,0
DA:30,0
DA:33,0
DA:35,0
DA:38,0
DA:40,0
DA:41,0
DA:42,0
DA:43,0
DA:44,0
DA:45,0
DA:50,0
DA:52,0
DA:54,0
DA:55,0
DA:56,0
DA:59,0
DA:62,0
DA:64,0
DA:66,0
DA:67,0
DA:79,0
DA:80,0
DA:81,0
DA:90,0
DA:92,0
DA:93,0
DA:94,0
DA:95,0
DA:99,0
DA:100,0
DA:102,0
DA:117,0
DA:119,0
DA:127,0
DA:129,0
DA:131,0
DA:136,0
DA:138,0
DA:146,0
DA:148,0
DA:149,0
DA:159,0
DA:161,0
DA:163,0
DA:165,0
DA:169,0
DA:171,0
DA:177,0
DA:179,0
DA:180,0
DA:189,0
DA:190,0
DA:191,0
DA:193,0
DA:194,0
DA:195,0
DA:196,0
DA:197,0
DA:198,0
DA:199,0
DA:200,0
DA:202,0
DA:207,0
DA:209,0
DA:210,0
DA:211,0
DA:212,0
DA:213,0
DA:214,0
DA:216,0
DA:227,0
DA:232,0
DA:233,0
DA:234,0
DA:236,0
DA:238,0
DA:239,0
DA:242,0
DA:243,0
DA:244,0
DA:245,0
DA:246,0
DA:247,0
DA:254,0
DA:262,0
DA:264,0
DA:266,0
DA:267,0
DA:268,0
DA:269,0
DA:271,0
DA:273,0
DA:274,0
DA:277,0
DA:278,0
DA:279,0
DA:281,0
DA:282,0
DA:283,0
DA:284,0
DA:291,0
DA:296,0
LF:109
LH:0
end_of_record
SF:lib\dana\sos.dart
DA:4,1
DA:6,0
DA:8,0
DA:9,0
DA:11,0
DA:14,0
DA:15,0
DA:17,0
DA:18,0
DA:27,0
DA:28,0
DA:33,0
DA:38,0
DA:43,0
DA:59,0
DA:60,0
DA:61,0
DA:69,0
DA:77,0
DA:78,0
DA:80,0
DA:81,0
DA:82,0
DA:83,0
DA:84,0
DA:89,0
DA:91,0
LF:27
LH:1
end_of_record
SF:lib\dana\widgets\resource_data.dart
DA:4,0
DA:20,0
DA:47,0
DA:48,0
DA:49,0
DA:53,0
DA:58,0
DA:62,0
DA:67,0
DA:71,0
DA:75,0
DA:79,0
DA:85,0
DA:86,0
DA:90,0
DA:95,0
DA:99,0
DA:103,0
DA:107,0
DA:112,0
DA:116,0
DA:122,0
DA:123,0
DA:127,0
DA:132,0
DA:137,0
DA:141,0
DA:146,0
DA:151,0
DA:156,0
DA:162,0
DA:163,0
DA:168,0
DA:172,0
DA:176,0
DA:180,0
DA:184,0
DA:189,0
DA:194,0
DA:200,0
DA:201,0
DA:205,0
DA:209,0
DA:213,0
DA:217,0
DA:218,0
DA:223,0
DA:227,0
DA:232,0
DA:233,0
DA:238,0
DA:243,0
DA:247,0
DA:251,0
DA:256,0
DA:261,0
DA:266,0
DA:271,0
DA:272,0
DA:277,0
DA:281,0
DA:286,0
DA:291,0
DA:296,0
DA:301,0
DA:305,0
DA:311,0
DA:312,0
DA:316,0
DA:320,0
DA:324,0
DA:328,0
DA:333,0
DA:337,0
DA:341,0
DA:346,0
DA:347,0
DA:352,0
DA:357,0
DA:361,0
DA:366,0
DA:371,0
DA:375,0
DA:379,0
DA:385,0
DA:386,0
DA:390,0
DA:395,0
DA:400,0
DA:405,0
DA:409,0
DA:413,0
DA:418,0
DA:423,0
DA:424,0
DA:429,0
DA:434,0
DA:439,0
DA:444,0
DA:449,0
DA:454,0
DA:458,0
DA:464,0
DA:465,0
DA:469,0
DA:474,0
DA:478,0
DA:482,0
DA:487,0
DA:491,0
DA:495,0
DA:501,0
DA:502,0
DA:506,0
DA:511,0
DA:515,0
DA:519,0
DA:523,0
DA:527,0
DA:531,0
DA:538,0
DA:539,0
DA:540,0
DA:545,0
DA:550,0
DA:555,0
DA:560,0
DA:564,0
DA:569,0
DA:574,0
DA:579,0
DA:580,0
DA:585,0
DA:590,0
DA:595,0
DA:600,0
DA:605,0
DA:610,0
DA:615,0
DA:621,0
DA:622,0
DA:627,0
DA:632,0
DA:636,0
DA:641,0
DA:646,0
DA:651,0
DA:656,0
DA:662,0
DA:663,0
DA:668,0
DA:673,0
DA:678,0
DA:683,0
DA:688,0
DA:693,0
DA:698,0
DA:704,0
DA:705,0
DA:710,0
DA:715,0
DA:720,0
DA:724,0
DA:728,0
DA:733,0
DA:738,0
DA:744,0
DA:745,0
DA:750,0
DA:754,0
DA:759,0
DA:764,0
DA:769,0
DA:774,0
DA:779,0
DA:784,0
DA:785,0
DA:790,0
DA:795,0
DA:800,0
DA:805,0
DA:810,0
DA:815,0
DA:820,0
DA:825,0
DA:826,0
DA:831,0
DA:836,0
DA:841,0
DA:846,0
DA:851,0
DA:856,0
DA:861,0
DA:867,0
DA:868,0
DA:873,0
DA:878,0
DA:883,0
DA:888,0
DA:893,0
DA:898,0
DA:902,0
DA:908,0
DA:909,0
DA:913,0
DA:918,0
DA:922,0
DA:927,0
DA:932,0
DA:937,0
DA:942,0
DA:947,0
DA:948,0
DA:952,0
DA:957,0
DA:962,0
DA:967,0
DA:971,0
DA:976,0
DA:981,0
DA:987,0
DA:988,0
DA:993,0
DA:997,0
DA:1002,0
DA:1007,0
DA:1011,0
DA:1015,0
DA:1020,0
DA:1026,0
DA:1027,0
DA:1032,0
DA:1036,0
DA:1041,0
DA:1046,0
DA:1051,0
DA:1056,0
DA:1061,0
LF:238
LH:0
end_of_record
SF:lib\lama\details.dart
DA:8,0
DA:10,0
DA:12,0
DA:14,0
DA:22,0
DA:24,0
DA:25,0
DA:32,0
DA:33,0
DA:36,0
DA:37,0
DA:40,0
DA:41,0
DA:44,0
DA:45,0
DA:46,0
DA:47,0
DA:51,0
DA:52,0
DA:57,0
DA:58,0
DA:61,0
DA:63,0
DA:64,0
DA:67,0
DA:68,0
DA:69,0
DA:70,0
DA:74,0
DA:75,0
DA:76,0
DA:78,0
DA:79,0
DA:80,0
DA:81,0
DA:82,0
DA:83,0
DA:85,0
DA:87,0
DA:88,0
DA:89,0
DA:90,0
DA:93,0
DA:96,0
DA:97,0
DA:99,0
DA:102,0
DA:103,0
DA:104,0
DA:105,0
DA:106,0
DA:107,0
DA:108,0
DA:115,0
DA:116,0
DA:119,0
DA:122,0
DA:123,0
DA:124,0
DA:127,0
DA:129,0
DA:130,0
DA:131,0
DA:132,0
DA:135,0
DA:136,0
DA:137,0
DA:148,0
DA:150,0
DA:151,0
DA:152,0
DA:153,0
DA:155,0
DA:156,0
DA:157,0
DA:159,0
DA:160,0
DA:161,0
DA:162,0
DA:164,0
DA:167,0
DA:169,0
LF:82
LH:0
end_of_record
SF:lib\lama\plan.dart
DA:5,0
DA:7,0
DA:9,0
DA:11,0
DA:12,0
DA:13,0
DA:14,0
DA:15,0
DA:16,0
DA:18,0
DA:19,0
DA:20,0
DA:21,0
DA:30,0
DA:43,0
DA:44,0
DA:45,0
DA:46,0
DA:47,0
DA:48,0
DA:49,0
DA:52,0
DA:53,0
DA:54,0
DA:55,0
DA:56,0
DA:61,0
DA:66,0
DA:68,0
DA:71,0
DA:72,0
DA:77,0
DA:78,0
DA:88,0
DA:89,0
DA:91,0
DA:94,0
DA:98,0
DA:99,0
DA:106,0
DA:108,0
DA:113,0
DA:114,0
DA:115,0
DA:120,0
DA:124,0
DA:125,0
DA:127,0
DA:128,0
LF:49
LH:0
end_of_record
SF:lib\lama\info.dart
DA:6,0
DA:8,0
DA:9,0
DA:18,0
DA:19,0
DA:20,0
DA:21,0
DA:23,0
DA:24,0
DA:25,0
DA:26,0
DA:27,0
DA:28,0
DA:29,0
DA:37,0
DA:38,0
DA:39,0
DA:40,0
DA:41,0
DA:42,0
DA:44,0
DA:46,0
DA:48,0
DA:50,0
DA:53,0
DA:55,0
DA:62,0
DA:63,0
DA:65,0
DA:69,0
DA:70,0
DA:78,0
DA:79,0
DA:81,0
DA:82,0
DA:84,0
DA:86,0
DA:87,0
DA:88,0
DA:89,0
DA:93,0
DA:94,0
DA:95,0
DA:97,0
DA:98,0
DA:100,0
DA:102,0
DA:109,0
DA:110,0
DA:112,0
DA:113,0
DA:115,0
DA:117,0
DA:118,0
DA:119,0
DA:122,0
DA:123,0
DA:124,0
DA:126,0
DA:127,0
DA:129,0
DA:131,0
DA:133,0
DA:134,0
DA:140,0
DA:141,0
DA:143,0
DA:145,0
DA:146,0
DA:147,0
DA:148,0
DA:156,0
DA:157,0
DA:159,0
DA:160,0
DA:162,0
DA:164,0
DA:165,0
DA:166,0
DA:168,0
DA:169,0
DA:171,0
DA:172,0
DA:173,0
DA:174,0
DA:178,0
DA:180,0
DA:181,0
DA:183,0
DA:184,0
DA:185,0
DA:186,0
DA:208,0
DA:209,0
DA:210,0
DA:213,0
DA:214,0
DA:215,0
DA:216,0
DA:217,0
DA:218,0
DA:219,0
DA:222,0
DA:224,0
DA:231,0
DA:232,0
DA:234,0
DA:235,0
DA:236,0
DA:242,0
DA:244,0
DA:245,0
DA:246,0
DA:247,0
DA:248,0
DA:249,0
DA:251,0
DA:270,0
DA:271,0
DA:276,0
DA:278,0
DA:279,0
DA:280,0
DA:282,0
DA:283,0
DA:285,0
DA:286,0
DA:287,0
DA:288,0
DA:290,0
DA:291,0
DA:293,0
DA:295,0
DA:296,0
DA:297,0
DA:298,0
DA:302,0
DA:303,0
DA:305,0
DA:309,0
DA:310,0
DA:311,0
DA:312,0
DA:313,0
DA:314,0
DA:315,0
DA:316,0
LF:147
LH:0
end_of_record
SF:lib\roaa\booksession_screen.dart
DA:12,0
DA:20,0
DA:21,0
DA:30,0
DA:32,0
DA:33,0
DA:34,0
DA:35,0
DA:38,0
DA:39,0
DA:40,0
DA:41,0
DA:42,0
DA:44,0
DA:45,0
DA:46,0
DA:49,0
DA:50,0
DA:56,0
DA:59,0
DA:60,0
DA:61,0
DA:62,0
DA:68,0
DA:69,0
DA:70,0
DA:72,0
DA:74,0
DA:76,0
DA:78,0
DA:80,0
DA:82,0
DA:89,0
DA:90,0
DA:93,0
DA:94,0
DA:95,0
DA:96,0
DA:97,0
DA:99,0
DA:100,0
DA:101,0
DA:102,0
DA:103,0
DA:107,0
DA:108,0
DA:110,0
DA:113,0
DA:115,0
DA:117,0
DA:119,0
DA:120,0
DA:127,0
DA:133,0
DA:136,0
DA:138,0
DA:140,0
DA:141,0
DA:142,0
DA:155,0
DA:156,0
DA:157,0
DA:158,0
DA:159,0
DA:160,0
DA:161,0
DA:162,0
DA:163,0
DA:164,0
DA:192,0
DA:193,0
DA:194,0
DA:199,0
DA:201,0
DA:202,0
DA:203,0
DA:204,0
DA:209,0
DA:210,0
DA:211,0
DA:212,0
DA:217,0
DA:219,0
DA:220,0
DA:222,0
DA:223,0
DA:224,0
DA:225,0
DA:227,0
DA:229,0
DA:238,0
DA:254,0
DA:255,0
DA:257,0
DA:259,0
DA:260,0
DA:261,0
DA:262,0
DA:264,0
DA:265,0
DA:266,0
DA:272,0
DA:273,0
DA:274,0
DA:275,0
DA:276,0
DA:282,0
DA:284,0
DA:285,0
DA:286,0
DA:300,0
DA:301,0
DA:302,0
DA:303,0
DA:304,0
DA:305,0
DA:306,0
LF:117
LH:0
end_of_record
SF:lib\roaa\result_screen.dart
DA:15,0
DA:17,0
DA:18,0
DA:24,0
DA:26,0
DA:30,0
DA:32,0
DA:34,0
DA:40,0
DA:41,0
DA:43,0
DA:45,0
DA:50,0
DA:54,0
DA:57,0
DA:60,0
DA:68,0
DA:69,0
DA:70,0
DA:71,0
DA:80,0
DA:81,0
DA:82,0
DA:88,0
DA:89,0
DA:90,0
DA:91,0
DA:92,0
DA:93,0
DA:94,0
DA:96,0
DA:97,0
DA:99,0
DA:102,0
DA:105,0
DA:106,0
DA:109,0
DA:111,0
DA:113,0
DA:114,0
DA:115,0
DA:116,0
DA:124,0
DA:125,0
DA:128,0
DA:131,0
DA:134,0
DA:135,0
DA:138,0
DA:143,0
DA:144,0
DA:146,0
DA:149,0
DA:162,0
DA:163,0
DA:164,0
DA:165,0
DA:166,0
DA:170,0
DA:171,0
DA:173,0
DA:176,0
DA:177,0
DA:179,0
DA:180,0
DA:183,0
DA:184,0
DA:186,0
DA:187,0
DA:192,0
DA:193,0
DA:195,0
DA:196,0
DA:200,0
DA:201,0
DA:203,0
DA:204,0
DA:214,0
DA:219,0
DA:223,0
LF:80
LH:0
end_of_record
SF:lib\roaa\test_questions_page.dart
DA:7,0
DA:9,0
DA:10,0
DA:40,0
DA:41,0
DA:42,0
DA:44,0
DA:45,0
DA:46,0
DA:47,0
DA:48,0
DA:51,0
DA:56,0
DA:57,0
DA:58,0
DA:59,0
DA:64,0
DA:66,0
DA:68,0
DA:69,0
DA:70,0
DA:71,0
DA:72,0
DA:73,0
DA:79,0
DA:81,0
DA:82,0
DA:83,0
DA:84,0
DA:86,0
DA:87,0
DA:88,0
DA:97,0
DA:98,0
DA:99,0
DA:105,0
DA:106,0
DA:107,0
DA:108,0
DA:109,0
DA:110,0
DA:112,0
DA:114,0
DA:115,0
DA:116,0
DA:117,0
DA:120,0
DA:122,0
DA:123,0
DA:124,0
DA:125,0
DA:126,0
DA:127,0
DA:128,0
DA:129,0
DA:130,0
DA:131,0
DA:132,0
DA:137,0
DA:138,0
DA:139,0
DA:140,0
DA:141,0
DA:144,0
DA:146,0
DA:147,0
DA:148,0
DA:149,0
DA:150,0
DA:151,0
DA:152,0
DA:153,0
DA:154,0
DA:155,0
DA:156,0
DA:157,0
DA:163,0
DA:164,0
DA:166,0
DA:167,0
DA:168,0
DA:169,0
DA:170,0
DA:171,0
DA:173,0
DA:176,0
DA:177,0
DA:179,0
DA:185,0
DA:186,0
DA:187,0
DA:189,0
DA:190,0
DA:193,0
DA:194,0
DA:199,0
DA:200,0
DA:203,0
DA:209,0
DA:210,0
DA:211,0
DA:213,0
DA:214,0
DA:217,0
DA:218,0
DA:219,0
DA:222,0
DA:224,0
LF:108
LH:0
end_of_record
